<?xml version="1.0" encoding="UTF-8"?>
<testng-results ignored="0" total="3" passed="3" failed="0" skipped="0">
  <reporter-output>
  </reporter-output>
  <suite started-at="2023-04-13T10:55:31 IST" name="ParallelExecution" finished-at="2023-04-13T10:56:08 IST" duration-ms="37046">
    <groups>
    </groups>
    <test started-at="2023-04-13T10:55:31 IST" name="ChromeTest" finished-at="2023-04-13T10:56:00 IST" duration-ms="28681">
      <class name="sel1.CrossBr">
        <test-method is-config="true" signature="setup(java.lang.String)[pri:0, instance:sel1.CrossBr@6c64cb25]" started-at="2023-04-13T10:55:31 IST" name="setup" finished-at="2023-04-13T10:55:39 IST" duration-ms="7946" status="PASS">
          <params>
            <param index="0">
              <value>
                <![CDATA[chrome]]>
              </value>
            </param>
          </params>
          <reporter-output>
          </reporter-output>
        </test-method> <!-- setup -->
        <test-method signature="petStoreTC1()[pri:0, instance:sel1.CrossBr@6c64cb25]" started-at="2023-04-13T10:55:39 IST" name="petStoreTC1" finished-at="2023-04-13T10:56:00 IST" duration-ms="20608" status="PASS">
          <reporter-output>
          </reporter-output>
        </test-method> <!-- petStoreTC1 -->
      </class> <!-- sel1.CrossBr -->
    </test> <!-- ChromeTest -->
    <test started-at="2023-04-13T10:55:31 IST" name="EdgeTest" finished-at="2023-04-13T10:56:01 IST" duration-ms="29702">
      <class name="sel1.CrossBr">
        <test-method is-config="true" signature="setup(java.lang.String)[pri:0, instance:sel1.CrossBr@5c5eefef]" started-at="2023-04-13T10:55:31 IST" name="setup" finished-at="2023-04-13T10:55:39 IST" duration-ms="7949" status="PASS">
          <params>
            <param index="0">
              <value>
                <![CDATA[edge]]>
              </value>
            </param>
          </params>
          <reporter-output>
          </reporter-output>
        </test-method> <!-- setup -->
        <test-method signature="petStoreTC1()[pri:0, instance:sel1.CrossBr@5c5eefef]" started-at="2023-04-13T10:55:39 IST" name="petStoreTC1" finished-at="2023-04-13T10:56:01 IST" duration-ms="21638" status="PASS">
          <reporter-output>
          </reporter-output>
        </test-method> <!-- petStoreTC1 -->
      </class> <!-- sel1.CrossBr -->
    </test> <!-- EdgeTest -->
    <test started-at="2023-04-13T10:55:31 IST" name="FirefoxTest" finished-at="2023-04-13T10:56:08 IST" duration-ms="37046">
      <class name="sel1.CrossBr">
        <test-method is-config="true" signature="setup(java.lang.String)[pri:0, instance:sel1.CrossBr@1d9b7cce]" started-at="2023-04-13T10:55:31 IST" name="setup" finished-at="2023-04-13T10:55:48 IST" duration-ms="17076" status="PASS">
          <params>
            <param index="0">
              <value>
                <![CDATA[firefox]]>
              </value>
            </param>
          </params>
          <reporter-output>
          </reporter-output>
        </test-method> <!-- setup -->
        <test-method signature="petStoreTC1()[pri:0, instance:sel1.CrossBr@1d9b7cce]" started-at="2023-04-13T10:55:48 IST" name="petStoreTC1" finished-at="2023-04-13T10:56:08 IST" duration-ms="19938" status="PASS">
          <reporter-output>
          </reporter-output>
        </test-method> <!-- petStoreTC1 -->
      </class> <!-- sel1.CrossBr -->
    </test> <!-- FirefoxTest -->
  </suite> <!-- ParallelExecution -->
</testng-results>
